# Font map file : encoding UTF-8
#
# Format:
# <font families>,<file name>
#
# Field Descriptions:
# <font families> -> A colon separated list of font names
#                 -> _FALLBACK_DEFAULT : default fallback font 
#                 -> _FALLBACK_KO : korean fallback font 
#                 -> _FALLBACK_EN : english fallback font 
#                 -> _FALLBACK_JP : japan fallback font 
#                 -> _FALLBACK_CN : chinese fallback font 
# <file name>     -> The filename of the font
#
#

###############################################
# Free License Fonts Settings
###############################################

_FALLBACK_DEFAULT,NanumGothic.ttf,NanumGothic
_FALLBACK_KO,NanumGothic.ttf,NanumGothic
_FALLBACK_JP,DroidSansFallback.jp.ttf
_FALLBACK_CN,DroidSansFallback.ttf
_FALLBACK_SYMBOL,xits-math.ttf

# Common fonts
나눔고딕:맑은 고딕:NanumGothic,NanumGothic.ttf
DroidSansFallback,DroidSansFallback.ttf
XITS Math,xits-math.ttf

# Japanese fonts
ＭＳ 明朝:MS Mincho,DroidSansFallback.jp.ttf
ＭＳ Ｐ明朝:MS PMincho:MS UI PMincho:IPAPMincho,DroidSansFallback.jp.ttf
ＭＳ ゴシック:MS Gothic,DroidSansFallback.jp.ttf
ＭＳ Ｐゴシック:MS PGothic:MS UI Gothic:IPAPGothic,DroidSansFallback.jp.ttf
MS UI Gothic,DroidSansFallback.jp.ttf
メイリオ:Meiryo,DroidSansFallback.jp.ttf
Meiryo UI,DroidSansFallback.jp.ttf
游ゴシック:Yu Gothic,DroidSansFallback.jp.ttf
游明朝:Yu Mincho,DroidSansFallback.jp.ttf

# Chinese fonts
宋体:SimSun,DroidSansFallback.ttf
黑体:SimHei,DroidSansFallback.ttf
楷体:KaiTi,DroidSansFallback.ttf